[debug] [2023-10-16T03:52:18.253Z] ----------------------------------------------------------------------
[debug] [2023-10-16T03:52:18.254Z] Command:       C:\Program Files\nodejs\node.exe C:\Users\Nguyen Huu Linh\AppData\Roaming\npm\node_modules\firebase-tools\lib\bin\firebase.js functions:delete myFunction --region us-central1
[debug] [2023-10-16T03:52:18.255Z] CLI Version:   12.7.0
[debug] [2023-10-16T03:52:18.255Z] Platform:      win32
[debug] [2023-10-16T03:52:18.255Z] Node Version:  v18.7.0
[debug] [2023-10-16T03:52:18.256Z] Time:          Mon Oct 16 2023 10:52:18 GMT+0700 (Giờ Đông Dương)
[debug] [2023-10-16T03:52:18.256Z] ----------------------------------------------------------------------
[debug] 
[debug] [2023-10-16T03:52:18.331Z] > command requires scopes: ["email","openid","https://www.googleapis.com/auth/cloudplatformprojects.readonly","https://www.googleapis.com/auth/firebase","https://www.googleapis.com/auth/cloud-platform"]
[debug] [2023-10-16T03:52:18.331Z] > authorizing via signed-in user (nguyenhuulinh5464@gmail.com)
[debug] [2023-10-16T03:52:18.332Z] [iam] checking project auction-online-ff810 for permissions ["cloudfunctions.functions.delete","cloudfunctions.functions.list","firebase.projects.get"]
[debug] [2023-10-16T03:52:18.333Z] >>> [apiv2][query] POST https://cloudresourcemanager.googleapis.com/v1/projects/auction-online-ff810:testIamPermissions [none]
[debug] [2023-10-16T03:52:18.333Z] >>> [apiv2][(partial)header] POST https://cloudresourcemanager.googleapis.com/v1/projects/auction-online-ff810:testIamPermissions x-goog-quota-user=projects/auction-online-ff810
[debug] [2023-10-16T03:52:18.334Z] >>> [apiv2][body] POST https://cloudresourcemanager.googleapis.com/v1/projects/auction-online-ff810:testIamPermissions {"permissions":["cloudfunctions.functions.delete","cloudfunctions.functions.list","firebase.projects.get"]}
[debug] [2023-10-16T03:52:19.385Z] <<< [apiv2][status] POST https://cloudresourcemanager.googleapis.com/v1/projects/auction-online-ff810:testIamPermissions 200
[debug] [2023-10-16T03:52:19.386Z] <<< [apiv2][body] POST https://cloudresourcemanager.googleapis.com/v1/projects/auction-online-ff810:testIamPermissions {"permissions":["cloudfunctions.functions.delete","cloudfunctions.functions.list","firebase.projects.get"]}
[debug] [2023-10-16T03:52:19.386Z] >>> [apiv2][query] GET https://firebase.googleapis.com/v1beta1/projects/auction-online-ff810/adminSdkConfig [none]
[debug] [2023-10-16T03:52:19.388Z] >>> [apiv2][query] GET https://cloudfunctions.googleapis.com/v1/projects/auction-online-ff810/locations/-/functions [none]
[debug] [2023-10-16T03:52:19.793Z] <<< [apiv2][status] GET https://firebase.googleapis.com/v1beta1/projects/auction-online-ff810/adminSdkConfig 200
[debug] [2023-10-16T03:52:19.793Z] <<< [apiv2][body] GET https://firebase.googleapis.com/v1beta1/projects/auction-online-ff810/adminSdkConfig {"projectId":"auction-online-ff810","storageBucket":"auction-online-ff810.appspot.com"}
[debug] [2023-10-16T03:52:21.745Z] <<< [apiv2][status] GET https://cloudfunctions.googleapis.com/v1/projects/auction-online-ff810/locations/-/functions 200
[debug] [2023-10-16T03:52:21.746Z] <<< [apiv2][body] GET https://cloudfunctions.googleapis.com/v1/projects/auction-online-ff810/locations/-/functions {}
[debug] [2023-10-16T03:52:21.747Z] >>> [apiv2][query] GET https://cloudfunctions.googleapis.com/v2/projects/auction-online-ff810/locations/-/functions filter=environment%3D%22GEN_2%22
[debug] [2023-10-16T03:52:23.207Z] <<< [apiv2][status] GET https://cloudfunctions.googleapis.com/v2/projects/auction-online-ff810/locations/-/functions 200
[debug] [2023-10-16T03:52:23.207Z] <<< [apiv2][body] GET https://cloudfunctions.googleapis.com/v2/projects/auction-online-ff810/locations/-/functions {}
[debug] [2023-10-16T03:52:23.391Z] TypeError: Cannot convert undefined or null to object
    at Function.values (<anonymous>)
    at C:\Users\Nguyen Huu Linh\AppData\Roaming\npm\node_modules\firebase-tools\lib\deploy\functions\backend.js:253:37
    at Array.reduce (<anonymous>)
    at allEndpoints (C:\Users\Nguyen Huu Linh\AppData\Roaming\npm\node_modules\firebase-tools\lib\deploy\functions\backend.js:252:45)
    at Object.matchingBackend (C:\Users\Nguyen Huu Linh\AppData\Roaming\npm\node_modules\firebase-tools\lib\deploy\functions\backend.js:276:28)
    at Object.createDeploymentPlan (C:\Users\Nguyen Huu Linh\AppData\Roaming\npm\node_modules\firebase-tools\lib\deploy\functions\release\planner.js:77:27)
    at Command.actionFn (C:\Users\Nguyen Huu Linh\AppData\Roaming\npm\node_modules\firebase-tools\lib\commands\functions-delete.js:44:26)
    at process.processTicksAndRejections (node:internal/process/task_queues:95:5)
[error] 
[error] Error: An unexpected error has occurred.
